

Clustering Report



-----------------------------------------

New clustering round

Minimum distance: 0.0


Cluster 0
classical.00001.mp3


Cluster 1
classical.00002.mp3


Cluster 2
classical.00003.mp3


Cluster 3
classical.00004.mp3


Cluster 4
classical.00005.mp3


Cluster 5
classical.00006.mp3


Cluster 6
classical.00007.mp3


Cluster 7
classical.00008.mp3


Cluster 8
classical.00009.mp3


Cluster 9
classical.00010.mp3


Cluster 10
metal.00001.mp3
metal.00007.mp3


Cluster 11
metal.00002.mp3


Cluster 12
metal.00003.mp3


Cluster 13
metal.00004.mp3


Cluster 14
metal.00005.mp3


Cluster 15
metal.00006.mp3


Cluster 17
metal.00008.mp3


Cluster 18
metal.00009.mp3


Cluster 19
metal.00010.mp3



-----------------------------------------

New clustering round

Minimum distance: 1.3849954922875343


Cluster 0
classical.00001.mp3


Cluster 1
classical.00002.mp3


Cluster 2
classical.00003.mp3


Cluster 3
classical.00004.mp3


Cluster 4
classical.00005.mp3


Cluster 5
classical.00006.mp3


Cluster 6
classical.00007.mp3


Cluster 7
classical.00008.mp3


Cluster 8
classical.00009.mp3


Cluster 9
classical.00010.mp3


Cluster 10
metal.00001.mp3
metal.00007.mp3
metal.00004.mp3


Cluster 11
metal.00002.mp3


Cluster 12
metal.00003.mp3


Cluster 14
metal.00005.mp3


Cluster 15
metal.00006.mp3


Cluster 17
metal.00008.mp3


Cluster 18
metal.00009.mp3


Cluster 19
metal.00010.mp3



-----------------------------------------

New clustering round

Minimum distance: 1.4691989819951063


Cluster 0
classical.00001.mp3


Cluster 1
classical.00002.mp3


Cluster 2
classical.00003.mp3


Cluster 3
classical.00004.mp3


Cluster 4
classical.00005.mp3


Cluster 5
classical.00006.mp3


Cluster 6
classical.00007.mp3


Cluster 7
classical.00008.mp3


Cluster 8
classical.00009.mp3


Cluster 9
classical.00010.mp3


Cluster 10
metal.00001.mp3
metal.00007.mp3
metal.00004.mp3
metal.00006.mp3


Cluster 11
metal.00002.mp3


Cluster 12
metal.00003.mp3


Cluster 14
metal.00005.mp3


Cluster 17
metal.00008.mp3


Cluster 18
metal.00009.mp3


Cluster 19
metal.00010.mp3



-----------------------------------------

New clustering round

Minimum distance: 1.4766640044607633


Cluster 0
classical.00001.mp3


Cluster 1
classical.00002.mp3


Cluster 2
classical.00003.mp3


Cluster 3
classical.00004.mp3


Cluster 4
classical.00005.mp3


Cluster 5
classical.00006.mp3


Cluster 6
classical.00007.mp3


Cluster 7
classical.00008.mp3


Cluster 8
classical.00009.mp3


Cluster 9
classical.00010.mp3


Cluster 10
metal.00001.mp3
metal.00007.mp3
metal.00004.mp3
metal.00006.mp3
metal.00003.mp3


Cluster 11
metal.00002.mp3


Cluster 14
metal.00005.mp3


Cluster 17
metal.00008.mp3


Cluster 18
metal.00009.mp3


Cluster 19
metal.00010.mp3



-----------------------------------------

New clustering round

Minimum distance: 1.5297597480270102


Cluster 0
classical.00001.mp3


Cluster 1
classical.00002.mp3


Cluster 2
classical.00003.mp3


Cluster 3
classical.00004.mp3


Cluster 4
classical.00005.mp3


Cluster 5
classical.00006.mp3


Cluster 6
classical.00007.mp3


Cluster 7
classical.00008.mp3


Cluster 8
classical.00009.mp3


Cluster 9
classical.00010.mp3


Cluster 10
metal.00001.mp3
metal.00007.mp3
metal.00004.mp3
metal.00006.mp3
metal.00003.mp3


Cluster 11
metal.00002.mp3


Cluster 14
metal.00005.mp3
metal.00010.mp3


Cluster 17
metal.00008.mp3


Cluster 18
metal.00009.mp3



-----------------------------------------

New clustering round

Minimum distance: 1.5335285849049518


Cluster 0
classical.00001.mp3


Cluster 1
classical.00002.mp3


Cluster 2
classical.00003.mp3


Cluster 3
classical.00004.mp3


Cluster 4
classical.00005.mp3


Cluster 5
classical.00006.mp3


Cluster 6
classical.00007.mp3


Cluster 7
classical.00008.mp3


Cluster 8
classical.00009.mp3


Cluster 9
classical.00010.mp3


Cluster 10
metal.00001.mp3
metal.00007.mp3
metal.00004.mp3
metal.00006.mp3
metal.00003.mp3
metal.00008.mp3


Cluster 11
metal.00002.mp3


Cluster 14
metal.00005.mp3
metal.00010.mp3


Cluster 18
metal.00009.mp3



-----------------------------------------

New clustering round

Minimum distance: 1.5527322708103686


Cluster 0
classical.00001.mp3


Cluster 1
classical.00002.mp3


Cluster 2
classical.00003.mp3


Cluster 3
classical.00004.mp3


Cluster 4
classical.00005.mp3


Cluster 5
classical.00006.mp3


Cluster 6
classical.00007.mp3


Cluster 7
classical.00008.mp3


Cluster 8
classical.00009.mp3


Cluster 9
classical.00010.mp3


Cluster 10
metal.00001.mp3
metal.00007.mp3
metal.00004.mp3
metal.00006.mp3
metal.00003.mp3
metal.00008.mp3
metal.00005.mp3
metal.00010.mp3


Cluster 11
metal.00002.mp3


Cluster 18
metal.00009.mp3



-----------------------------------------

New clustering round

Minimum distance: 1.5528511292176428


Cluster 0
classical.00001.mp3


Cluster 1
classical.00002.mp3


Cluster 2
classical.00003.mp3


Cluster 3
classical.00004.mp3


Cluster 4
classical.00005.mp3


Cluster 5
classical.00006.mp3


Cluster 6
classical.00007.mp3


Cluster 7
classical.00008.mp3


Cluster 8
classical.00009.mp3


Cluster 9
classical.00010.mp3


Cluster 10
metal.00001.mp3
metal.00007.mp3
metal.00004.mp3
metal.00006.mp3
metal.00003.mp3
metal.00008.mp3
metal.00005.mp3
metal.00010.mp3
metal.00002.mp3


Cluster 18
metal.00009.mp3



-----------------------------------------

New clustering round

Minimum distance: 1.579026162493307


Cluster 0
classical.00001.mp3


Cluster 1
classical.00002.mp3


Cluster 2
classical.00003.mp3


Cluster 3
classical.00004.mp3


Cluster 4
classical.00005.mp3
classical.00008.mp3


Cluster 5
classical.00006.mp3


Cluster 6
classical.00007.mp3


Cluster 8
classical.00009.mp3


Cluster 9
classical.00010.mp3


Cluster 10
metal.00001.mp3
metal.00007.mp3
metal.00004.mp3
metal.00006.mp3
metal.00003.mp3
metal.00008.mp3
metal.00005.mp3
metal.00010.mp3
metal.00002.mp3


Cluster 18
metal.00009.mp3



-----------------------------------------

New clustering round

Minimum distance: 1.5914556163949243


Cluster 0
classical.00001.mp3


Cluster 1
classical.00002.mp3
classical.00005.mp3
classical.00008.mp3


Cluster 2
classical.00003.mp3


Cluster 3
classical.00004.mp3


Cluster 5
classical.00006.mp3


Cluster 6
classical.00007.mp3


Cluster 8
classical.00009.mp3


Cluster 9
classical.00010.mp3


Cluster 10
metal.00001.mp3
metal.00007.mp3
metal.00004.mp3
metal.00006.mp3
metal.00003.mp3
metal.00008.mp3
metal.00005.mp3
metal.00010.mp3
metal.00002.mp3


Cluster 18
metal.00009.mp3



-----------------------------------------

New clustering round

Minimum distance: 1.6094750723613236


Cluster 0
classical.00001.mp3


Cluster 1
classical.00002.mp3
classical.00005.mp3
classical.00008.mp3
classical.00006.mp3


Cluster 2
classical.00003.mp3


Cluster 3
classical.00004.mp3


Cluster 6
classical.00007.mp3


Cluster 8
classical.00009.mp3


Cluster 9
classical.00010.mp3


Cluster 10
metal.00001.mp3
metal.00007.mp3
metal.00004.mp3
metal.00006.mp3
metal.00003.mp3
metal.00008.mp3
metal.00005.mp3
metal.00010.mp3
metal.00002.mp3


Cluster 18
metal.00009.mp3



-----------------------------------------

New clustering round

Minimum distance: 1.6201136587106524


Cluster 0
classical.00001.mp3


Cluster 1
classical.00002.mp3
classical.00005.mp3
classical.00008.mp3
classical.00006.mp3
classical.00007.mp3


Cluster 2
classical.00003.mp3


Cluster 3
classical.00004.mp3


Cluster 8
classical.00009.mp3


Cluster 9
classical.00010.mp3


Cluster 10
metal.00001.mp3
metal.00007.mp3
metal.00004.mp3
metal.00006.mp3
metal.00003.mp3
metal.00008.mp3
metal.00005.mp3
metal.00010.mp3
metal.00002.mp3


Cluster 18
metal.00009.mp3



-----------------------------------------

New clustering round

Minimum distance: 1.6345340264383186


Cluster 0
classical.00001.mp3


Cluster 1
classical.00002.mp3
classical.00005.mp3
classical.00008.mp3
classical.00006.mp3
classical.00007.mp3
classical.00009.mp3


Cluster 2
classical.00003.mp3


Cluster 3
classical.00004.mp3


Cluster 9
classical.00010.mp3


Cluster 10
metal.00001.mp3
metal.00007.mp3
metal.00004.mp3
metal.00006.mp3
metal.00003.mp3
metal.00008.mp3
metal.00005.mp3
metal.00010.mp3
metal.00002.mp3


Cluster 18
metal.00009.mp3



-----------------------------------------

New clustering round

Minimum distance: 1.646155654672423


Cluster 0
classical.00001.mp3


Cluster 1
classical.00002.mp3
classical.00005.mp3
classical.00008.mp3
classical.00006.mp3
classical.00007.mp3
classical.00009.mp3
classical.00010.mp3


Cluster 2
classical.00003.mp3


Cluster 3
classical.00004.mp3


Cluster 10
metal.00001.mp3
metal.00007.mp3
metal.00004.mp3
metal.00006.mp3
metal.00003.mp3
metal.00008.mp3
metal.00005.mp3
metal.00010.mp3
metal.00002.mp3


Cluster 18
metal.00009.mp3



-----------------------------------------

New clustering round

Minimum distance: 1.6463418387646052


Cluster 0
classical.00001.mp3


Cluster 1
classical.00002.mp3
classical.00005.mp3
classical.00008.mp3
classical.00006.mp3
classical.00007.mp3
classical.00009.mp3
classical.00010.mp3
classical.00004.mp3


Cluster 2
classical.00003.mp3


Cluster 10
metal.00001.mp3
metal.00007.mp3
metal.00004.mp3
metal.00006.mp3
metal.00003.mp3
metal.00008.mp3
metal.00005.mp3
metal.00010.mp3
metal.00002.mp3


Cluster 18
metal.00009.mp3



-----------------------------------------

New clustering round

Minimum distance: 1.6649605141825354


Cluster 0
classical.00001.mp3


Cluster 1
classical.00002.mp3
classical.00005.mp3
classical.00008.mp3
classical.00006.mp3
classical.00007.mp3
classical.00009.mp3
classical.00010.mp3
classical.00004.mp3


Cluster 2
classical.00003.mp3


Cluster 10
metal.00001.mp3
metal.00007.mp3
metal.00004.mp3
metal.00006.mp3
metal.00003.mp3
metal.00008.mp3
metal.00005.mp3
metal.00010.mp3
metal.00002.mp3
metal.00009.mp3



-----------------------------------------

New clustering round

Minimum distance: 1.668457552212629


Cluster 0
classical.00001.mp3


Cluster 1
classical.00002.mp3
classical.00005.mp3
classical.00008.mp3
classical.00006.mp3
classical.00007.mp3
classical.00009.mp3
classical.00010.mp3
classical.00004.mp3
classical.00003.mp3


Cluster 10
metal.00001.mp3
metal.00007.mp3
metal.00004.mp3
metal.00006.mp3
metal.00003.mp3
metal.00008.mp3
metal.00005.mp3
metal.00010.mp3
metal.00002.mp3
metal.00009.mp3



-----------------------------------------

New clustering round

Minimum distance: 1.6697859274555826


Cluster 0
classical.00001.mp3
classical.00002.mp3
classical.00005.mp3
classical.00008.mp3
classical.00006.mp3
classical.00007.mp3
classical.00009.mp3
classical.00010.mp3
classical.00004.mp3
classical.00003.mp3


Cluster 10
metal.00001.mp3
metal.00007.mp3
metal.00004.mp3
metal.00006.mp3
metal.00003.mp3
metal.00008.mp3
metal.00005.mp3
metal.00010.mp3
metal.00002.mp3
metal.00009.mp3
